<?xml version="1.0" encoding="UTF-8"?>
<!-- Generated by org.testng.reporters.JUnitXMLReporter -->
<testsuite ignored="0" hostname="luischahua-HP-Z210-Workstation" failures="0" tests="3" name="Surefire test" time="0.101" errors="0" timestamp="2022-04-01T21:23:46 EDT">
  <testcase classname="lab.ManageDemandTest" name="test_AllOrdersFromColombia" time="0.013"/>
  <testcase classname="lab.ManageDemandTest" name="test_AllOrdersFromPeru" time="0.001"/>
  <testcase classname="lab.TaxTest" name="test_validate_country_calculate_tax" time="0.001"/>
</testsuite> <!-- Surefire test -->
