<?xml version="1.0" encoding="UTF-8"?>
<!-- Generated by org.testng.reporters.JUnitXMLReporter -->
<testsuite ignored="0" hostname="luischahua-HP-Z210-Workstation" failures="0" tests="3" name="Command line test" time="0.036" errors="0" timestamp="2022-03-31T22:37:05 EDT">
  <testcase classname="lab.ManageDemandTest" name="test_AllOrdersFromColombia" time="0.003"/>
  <testcase classname="lab.ManageDemandTest" name="test_AllOrdersFromPeru" time="0.0"/>
  <testcase classname="lab.TaxTest" name="test_calculateTax" time="0.001"/>
</testsuite> <!-- Command line test -->
