<?xml version="1.0" encoding="UTF-8"?>
<!-- Generated by org.testng.reporters.JUnitXMLReporter -->
<testsuite ignored="0" hostname="luischahua-HP-Z210-Workstation" failures="0" tests="3" name="Command line test" time="0.033" errors="0" timestamp="2022-04-01T21:06:16 EDT">
  <testcase classname="lab.ManageDemandTest" name="test_AllOrdersFromColombia" time="0.004"/>
  <testcase classname="lab.ManageDemandTest" name="test_AllOrdersFromPeru" time="0.0"/>
  <testcase classname="lab.TaxTest" name="test_validate_country_calculate_tax" time="0.0"/>
</testsuite> <!-- Command line test -->
