<?xml version="1.0" encoding="UTF-8"?>
<testng-results ignored="0" total="3" passed="3" failed="0" skipped="0">
  <reporter-output>
  </reporter-output>
  <suite started-at="2022-04-01T21:23:46 EDT" name="Surefire suite" finished-at="2022-04-01T21:23:46 EDT" duration-ms="101">
    <groups>
    </groups>
    <test started-at="2022-04-01T21:23:46 EDT" name="Surefire test" finished-at="2022-04-01T21:23:46 EDT" duration-ms="101">
      <class name="lab.TaxTest">
        <test-method is-config="true" signature="setup()[pri:0, instance:lab.TaxTest@504e1599]" started-at="2022-04-01T21:23:46 EDT" name="setup" finished-at="2022-04-01T21:23:46 EDT" duration-ms="1" status="PASS">
          <reporter-output>
          </reporter-output>
        </test-method> <!-- setup -->
        <test-method signature="test_validate_country_calculate_tax()[pri:0, instance:lab.TaxTest@504e1599]" started-at="2022-04-01T21:23:46 EDT" name="test_validate_country_calculate_tax" finished-at="2022-04-01T21:23:46 EDT" duration-ms="1" status="PASS">
          <reporter-output>
          </reporter-output>
        </test-method> <!-- test_validate_country_calculate_tax -->
      </class> <!-- lab.TaxTest -->
      <class name="lab.ManageDemandTest">
        <test-method is-config="true" signature="setup()[pri:0, instance:lab.ManageDemandTest@32f0c7f8]" started-at="2022-04-01T21:23:46 EDT" name="setup" finished-at="2022-04-01T21:23:46 EDT" duration-ms="28" status="PASS">
          <reporter-output>
          </reporter-output>
        </test-method> <!-- setup -->
        <test-method signature="test_AllOrdersFromColombia()[pri:0, instance:lab.ManageDemandTest@32f0c7f8]" started-at="2022-04-01T21:23:46 EDT" name="test_AllOrdersFromColombia" finished-at="2022-04-01T21:23:46 EDT" duration-ms="13" status="PASS">
          <reporter-output>
          </reporter-output>
        </test-method> <!-- test_AllOrdersFromColombia -->
        <test-method signature="test_AllOrdersFromPeru()[pri:0, instance:lab.ManageDemandTest@32f0c7f8]" started-at="2022-04-01T21:23:46 EDT" name="test_AllOrdersFromPeru" finished-at="2022-04-01T21:23:46 EDT" duration-ms="1" status="PASS">
          <reporter-output>
          </reporter-output>
        </test-method> <!-- test_AllOrdersFromPeru -->
      </class> <!-- lab.ManageDemandTest -->
    </test> <!-- Surefire test -->
  </suite> <!-- Surefire suite -->
</testng-results>
