<?xml version="1.0" encoding="UTF-8"?>
<testng-results ignored="0" total="3" passed="3" failed="0" skipped="0">
  <reporter-output>
  </reporter-output>
  <suite started-at="2022-03-31T22:37:05 EDT" name="Command line suite" finished-at="2022-03-31T22:37:05 EDT" duration-ms="36">
    <groups>
    </groups>
    <test started-at="2022-03-31T22:37:05 EDT" name="Command line test" finished-at="2022-03-31T22:37:05 EDT" duration-ms="36">
      <class name="lab.TaxTest">
        <test-method signature="test_calculateTax()[pri:0, instance:lab.TaxTest@6e0e048a]" started-at="2022-03-31T22:37:05 EDT" name="test_calculateTax" finished-at="2022-03-31T22:37:05 EDT" duration-ms="1" status="PASS">
          <reporter-output>
          </reporter-output>
        </test-method> <!-- test_calculateTax -->
      </class> <!-- lab.TaxTest -->
      <class name="lab.ManageDemandTest">
        <test-method is-config="true" signature="setup()[pri:0, instance:lab.ManageDemandTest@5b87ed94]" started-at="2022-03-31T22:37:05 EDT" name="setup" finished-at="2022-03-31T22:37:05 EDT" duration-ms="13" status="PASS">
          <reporter-output>
          </reporter-output>
        </test-method> <!-- setup -->
        <test-method signature="test_AllOrdersFromColombia()[pri:0, instance:lab.ManageDemandTest@5b87ed94]" started-at="2022-03-31T22:37:05 EDT" name="test_AllOrdersFromColombia" finished-at="2022-03-31T22:37:05 EDT" duration-ms="3" status="PASS">
          <reporter-output>
          </reporter-output>
        </test-method> <!-- test_AllOrdersFromColombia -->
        <test-method signature="test_AllOrdersFromPeru()[pri:0, instance:lab.ManageDemandTest@5b87ed94]" started-at="2022-03-31T22:37:05 EDT" name="test_AllOrdersFromPeru" finished-at="2022-03-31T22:37:05 EDT" duration-ms="0" status="PASS">
          <reporter-output>
          </reporter-output>
        </test-method> <!-- test_AllOrdersFromPeru -->
      </class> <!-- lab.ManageDemandTest -->
    </test> <!-- Command line test -->
  </suite> <!-- Command line suite -->
</testng-results>
